  [1m[35m (0.1ms)[0m  [1m[34mSELECT sqlite_version(*)[0m
  ↳ /home/mallesh/.rvm/gems/ruby-2.2.5/bin/rake:23
  [1m[35m (12.3ms)[0m  [1m[35mCREATE TABLE "schema_migrations" ("version" varchar NOT NULL PRIMARY KEY)[0m
  ↳ /home/mallesh/.rvm/gems/ruby-2.2.5/bin/rake:23
  [1m[35m (5.6ms)[0m  [1m[35mCREATE TABLE "ar_internal_metadata" ("key" varchar NOT NULL PRIMARY KEY, "value" varchar, "created_at" datetime NOT NULL, "updated_at" datetime NOT NULL)[0m
  ↳ /home/mallesh/.rvm/gems/ruby-2.2.5/bin/rake:23
  [1m[35m (0.1ms)[0m  [1m[34mSELECT "schema_migrations"."version" FROM "schema_migrations" ORDER BY "schema_migrations"."version" ASC[0m
  ↳ /home/mallesh/.rvm/gems/ruby-2.2.5/bin/rake:23
Migrating to CreateBooks (20190614061818)
  [1m[35m (0.0ms)[0m  [1m[36mbegin transaction[0m
  ↳ /home/mallesh/.rvm/gems/ruby-2.2.5/bin/rake:23
  [1m[35m (0.3ms)[0m  [1m[35mCREATE TABLE "books" ("id" integer PRIMARY KEY AUTOINCREMENT NOT NULL, "bname" varchar, "bwriter" text, "bprise" integer, "created_at" datetime NOT NULL, "updated_at" datetime NOT NULL)[0m
  ↳ db/migrate/20190614061818_create_books.rb:3
  [1m[36mActiveRecord::SchemaMigration Create (0.1ms)[0m  [1m[32mINSERT INTO "schema_migrations" ("version") VALUES (?)[0m  [["version", "20190614061818"]]
  ↳ /home/mallesh/.rvm/gems/ruby-2.2.5/bin/rake:23
  [1m[35m (5.8ms)[0m  [1m[36mcommit transaction[0m
  ↳ /home/mallesh/.rvm/gems/ruby-2.2.5/bin/rake:23
  [1m[36mActiveRecord::InternalMetadata Load (0.2ms)[0m  [1m[34mSELECT  "ar_internal_metadata".* FROM "ar_internal_metadata" WHERE "ar_internal_metadata"."key" = ? LIMIT ?[0m  [["key", "environment"], ["LIMIT", 1]]
  ↳ /home/mallesh/.rvm/gems/ruby-2.2.5/bin/rake:23
  [1m[35m (0.1ms)[0m  [1m[36mbegin transaction[0m
  ↳ /home/mallesh/.rvm/gems/ruby-2.2.5/bin/rake:23
  [1m[36mActiveRecord::InternalMetadata Create (0.2ms)[0m  [1m[32mINSERT INTO "ar_internal_metadata" ("key", "value", "created_at", "updated_at") VALUES (?, ?, ?, ?)[0m  [["key", "environment"], ["value", "development"], ["created_at", "2019-06-14 06:18:34.614937"], ["updated_at", "2019-06-14 06:18:34.614937"]]
  ↳ /home/mallesh/.rvm/gems/ruby-2.2.5/bin/rake:23
  [1m[35m (4.4ms)[0m  [1m[36mcommit transaction[0m
  ↳ /home/mallesh/.rvm/gems/ruby-2.2.5/bin/rake:23
  [1m[35m (0.1ms)[0m  [1m[34mSELECT "schema_migrations"."version" FROM "schema_migrations" ORDER BY "schema_migrations"."version" ASC[0m
  ↳ /home/mallesh/.rvm/gems/ruby-2.2.5/bin/rake:23
Started GET "/" for 127.0.0.1 at 2019-06-14 11:48:56 +0530
  [1m[35m (0.1ms)[0m  [1m[34mSELECT "schema_migrations"."version" FROM "schema_migrations" ORDER BY "schema_migrations"."version" ASC[0m
  ↳ /home/mallesh/.rvm/gems/ruby-2.2.5/gems/activerecord-5.2.3/lib/active_record/log_subscriber.rb:98
Processing by Rails::WelcomeController#index as HTML
  Rendering /home/mallesh/.rvm/gems/ruby-2.2.5/gems/railties-5.2.3/lib/rails/templates/rails/welcome/index.html.erb
  Rendered /home/mallesh/.rvm/gems/ruby-2.2.5/gems/railties-5.2.3/lib/rails/templates/rails/welcome/index.html.erb (2.2ms)
Completed 200 OK in 9ms (Views: 4.1ms | ActiveRecord: 0.0ms)


Started GET "/" for 127.0.0.1 at 2019-06-14 11:51:08 +0530
Processing by BooksController#index as HTML
  Rendering books/index.html.erb within layouts/application
  [1m[36mBook Load (0.1ms)[0m  [1m[34mSELECT "books".* FROM "books"[0m
  ↳ app/views/books/index.html.erb:16
  Rendered books/index.html.erb within layouts/application (2.0ms)
Completed 200 OK in 535ms (Views: 532.5ms | ActiveRecord: 0.3ms)


Started GET "/books/new" for 127.0.0.1 at 2019-06-14 11:51:15 +0530
Processing by BooksController#new as HTML
  Rendering books/new.html.erb within layouts/application
  Rendered books/_form.html.erb (10.2ms)
  Rendered books/new.html.erb within layouts/application (11.1ms)
Completed 200 OK in 27ms (Views: 21.3ms | ActiveRecord: 0.6ms)


Started POST "/books" for 127.0.0.1 at 2019-06-14 11:52:30 +0530
Processing by BooksController#create as HTML
  Parameters: {"utf8"=>"✓", "authenticity_token"=>"wudtiicX0Z0QlFbsnE71Z1xRDKx6rqkOTP/3B8+hMVNAufxHK+7C54xAHWMUsxYZgoi5edLM/shFgPionX6MJg==", "book"=>{"bname"=>"DJ ", "bwriter"=>"Venky", "bprise"=>"2000000"}, "commit"=>"Create Book"}
  [1m[35m (0.1ms)[0m  [1m[36mbegin transaction[0m
  ↳ app/controllers/books_controller.rb:30
  [1m[36mBook Create (0.6ms)[0m  [1m[32mINSERT INTO "books" ("bname", "bwriter", "bprise", "created_at", "updated_at") VALUES (?, ?, ?, ?, ?)[0m  [["bname", "DJ "], ["bwriter", "Venky"], ["bprise", 2000000], ["created_at", "2019-06-14 06:22:30.122216"], ["updated_at", "2019-06-14 06:22:30.122216"]]
  ↳ app/controllers/books_controller.rb:30
  [1m[35m (4.6ms)[0m  [1m[36mcommit transaction[0m
  ↳ app/controllers/books_controller.rb:30
Redirected to http://localhost:3000/books/1
Completed 302 Found in 10ms (ActiveRecord: 5.2ms)


Started GET "/books/1" for 127.0.0.1 at 2019-06-14 11:52:30 +0530
Processing by BooksController#show as HTML
  Parameters: {"id"=>"1"}
  [1m[36mBook Load (0.1ms)[0m  [1m[34mSELECT  "books".* FROM "books" WHERE "books"."id" = ? LIMIT ?[0m  [["id", 1], ["LIMIT", 1]]
  ↳ app/controllers/books_controller.rb:67
  Rendering books/show.html.erb within layouts/application
  Rendered books/show.html.erb within layouts/application (0.6ms)
Completed 200 OK in 33ms (Views: 29.7ms | ActiveRecord: 0.1ms)


Started GET "/books" for 127.0.0.1 at 2019-06-14 11:52:37 +0530
Processing by BooksController#index as HTML
  Rendering books/index.html.erb within layouts/application
  [1m[36mBook Load (0.2ms)[0m  [1m[34mSELECT "books".* FROM "books"[0m
  ↳ app/views/books/index.html.erb:16
  Rendered books/index.html.erb within layouts/application (1.9ms)
Completed 200 OK in 15ms (Views: 14.3ms | ActiveRecord: 0.2ms)


Started GET "/books/new" for 127.0.0.1 at 2019-06-14 11:52:39 +0530
Processing by BooksController#new as HTML
  Rendering books/new.html.erb within layouts/application
  Rendered books/_form.html.erb (2.4ms)
  Rendered books/new.html.erb within layouts/application (3.2ms)
Completed 200 OK in 18ms (Views: 17.1ms | ActiveRecord: 0.0ms)


Started POST "/books" for 127.0.0.1 at 2019-06-14 11:54:19 +0530
Processing by BooksController#create as HTML
  Parameters: {"utf8"=>"✓", "authenticity_token"=>"HmmgMNL+oh9QNA3mORJPjAegQEPgCj18dgCf/Ktw+N+cNzH93gexZczgRmmx76zy2Xn1lkhoarp/f5BT+a9Fqg==", "book"=>{"bname"=>"Classmate", "bwriter"=>" Devraj Book", "bprise"=>"2270"}, "commit"=>"Create Book"}
  [1m[35m (0.0ms)[0m  [1m[36mbegin transaction[0m
  ↳ app/controllers/books_controller.rb:30
  [1m[36mBook Create (0.2ms)[0m  [1m[32mINSERT INTO "books" ("bname", "bwriter", "bprise", "created_at", "updated_at") VALUES (?, ?, ?, ?, ?)[0m  [["bname", "Classmate"], ["bwriter", " Devraj Book"], ["bprise", 2270], ["created_at", "2019-06-14 06:24:19.959675"], ["updated_at", "2019-06-14 06:24:19.959675"]]
  ↳ app/controllers/books_controller.rb:30
  [1m[35m (6.5ms)[0m  [1m[36mcommit transaction[0m
  ↳ app/controllers/books_controller.rb:30
Redirected to http://localhost:3000/books/2
Completed 302 Found in 11ms (ActiveRecord: 6.7ms)


Started GET "/books/2" for 127.0.0.1 at 2019-06-14 11:54:19 +0530
Processing by BooksController#show as HTML
  Parameters: {"id"=>"2"}
  [1m[36mBook Load (0.1ms)[0m  [1m[34mSELECT  "books".* FROM "books" WHERE "books"."id" = ? LIMIT ?[0m  [["id", 2], ["LIMIT", 1]]
  ↳ app/controllers/books_controller.rb:67
  Rendering books/show.html.erb within layouts/application
  Rendered books/show.html.erb within layouts/application (0.6ms)
Completed 200 OK in 17ms (Views: 15.6ms | ActiveRecord: 0.1ms)


  [1m[35m (0.1ms)[0m  [1m[34mSELECT "schema_migrations"."version" FROM "schema_migrations" ORDER BY "schema_migrations"."version" ASC[0m
  ↳ /home/mallesh/.rvm/gems/ruby-2.2.5/bin/rake:23
  [1m[36mActiveRecord::InternalMetadata Load (0.1ms)[0m  [1m[34mSELECT  "ar_internal_metadata".* FROM "ar_internal_metadata" WHERE "ar_internal_metadata"."key" = ? LIMIT ?[0m  [["key", "environment"], ["LIMIT", 1]]
  ↳ /home/mallesh/.rvm/gems/ruby-2.2.5/bin/rake:23
  [1m[35m (0.0ms)[0m  [1m[36mbegin transaction[0m
  ↳ /home/mallesh/.rvm/gems/ruby-2.2.5/bin/rake:23
  [1m[35m (0.0ms)[0m  [1m[36mcommit transaction[0m
  ↳ /home/mallesh/.rvm/gems/ruby-2.2.5/bin/rake:23
  [1m[35m (0.0ms)[0m  [1m[34mSELECT "schema_migrations"."version" FROM "schema_migrations" ORDER BY "schema_migrations"."version" ASC[0m
  ↳ /home/mallesh/.rvm/gems/ruby-2.2.5/bin/rake:23
  [1m[35m (0.1ms)[0m  [1m[34mSELECT COUNT(*) FROM "books"[0m
  [1m[36mBook Load (0.6ms)[0m  [1m[34mSELECT  "books".* FROM "books" LIMIT ?[0m  [["LIMIT", 11]]
  [1m[36mBook Load (0.3ms)[0m  [1m[34mSELECT  "books".* FROM "books" LIMIT ?[0m  [["LIMIT", 11]]
  [1m[36mBook Load (0.5ms)[0m  [1m[34mSELECT  "books".* FROM "books" ORDER BY "books"."id" ASC LIMIT ?[0m  [["LIMIT", 1]]
Started GET "/" for ::1 at 2019-06-14 21:05:19 +0530
  [1m[35m (0.1ms)[0m  [1m[34mSELECT "schema_migrations"."version" FROM "schema_migrations" ORDER BY "schema_migrations"."version" ASC[0m
  ↳ /home/mallesh/.rvm/gems/ruby-2.2.5/gems/activerecord-5.2.3/lib/active_record/log_subscriber.rb:98
Processing by BooksController#index as HTML
  Rendering books/index.html.erb within layouts/application
  [1m[36mBook Load (0.3ms)[0m  [1m[34mSELECT "books".* FROM "books"[0m
  ↳ app/views/books/index.html.erb:16
  Rendered books/index.html.erb within layouts/application (7.6ms)
Completed 200 OK in 175ms (Views: 168.5ms | ActiveRecord: 0.8ms)


Started GET "/books/new" for ::1 at 2019-06-14 21:05:23 +0530
Processing by BooksController#new as HTML
  Rendering books/new.html.erb within layouts/application
  Rendered books/_form.html.erb (10.4ms)
  Rendered books/new.html.erb within layouts/application (17.9ms)
Completed 200 OK in 52ms (Views: 50.6ms | ActiveRecord: 0.0ms)


